[SQL_LOG:2023-02-10 19:29:15]:  SELECT  customer_no  FROM  session  WHERE  session_key = ?     [rs2jqng4ed2unp8bnqmcekolh3]
[SQL_LOG:2023-02-10 19:29:15]:  INSERT INTO  session  (session_key ) VALUES (?)  [rs2jqng4ed2unp8bnqmcekolh3]
[SQL_LOG:2023-02-10 19:29:15]:  SELECT  c.crt_id, i.item_id, i.item_name, i.price,i.image  FROM  cart c LEFT JOIN item i ON c.item_id = i.item_id  WHERE  c.customer_no = ? AND c.delete_flg = ?     [1,0]
[SQL_LOG:2023-02-10 19:29:15]:  SELECT  SUM( i.price ) AS totalPrice  FROM  cart c LEFT JOIN item i ON c.item_id = i.item_id  WHERE  c.customer_no = ? AND c.delete_flg = ?    [1,0]
[SQL_LOG:2023-02-10 19:29:15]:  SELECT  SUM( num ) AS num  FROM  cart c  WHERE  c.customer_no = ? AND c.delete_flg = ?    [1,0]
[SQL_LOG:2023-02-10 19:29:19]:  SELECT  customer_no  FROM  session  WHERE  session_key = ?     [rs2jqng4ed2unp8bnqmcekolh3]
[SQL_LOG:2023-02-10 19:29:19]:  SELECT  ctg_id, category_name  FROM  category     []
[SQL_LOG:2023-02-10 19:29:19]:  SELECT  item_id, item_name, detail, price, image, ctg_id  FROM  item     []
[SQL_LOG:2023-02-10 19:29:32]:  SELECT  customer_no  FROM  session  WHERE  session_key = ?     [rs2jqng4ed2unp8bnqmcekolh3]
[SQL_LOG:2023-02-10 19:29:32]:  SELECT  ctg_id, category_name  FROM  category     []
[SQL_LOG:2023-02-10 19:29:32]:  SELECT  item_id, item_name, detail, price, image, ctg_id  FROM  item     []
[SQL_LOG:2023-02-11 22:33:57]:  SELECT  customer_no  FROM  session  WHERE  session_key = ?     [rs2jqng4ed2unp8bnqmcekolh3]
[SQL_LOG:2023-02-11 22:33:57]:  SELECT  c.crt_id, i.item_id, i.item_name, i.price,i.image  FROM  cart c LEFT JOIN item i ON c.item_id = i.item_id  WHERE  c.customer_no = ? AND c.delete_flg = ?     [1,0]
[SQL_LOG:2023-02-11 22:33:57]:  SELECT  SUM( i.price ) AS totalPrice  FROM  cart c LEFT JOIN item i ON c.item_id = i.item_id  WHERE  c.customer_no = ? AND c.delete_flg = ?    [1,0]
[SQL_LOG:2023-02-11 22:33:57]:  SELECT  SUM( num ) AS num  FROM  cart c  WHERE  c.customer_no = ? AND c.delete_flg = ?    [1,0]
[SQL_LOG:2023-02-11 22:34:01]:  SELECT  customer_no  FROM  session  WHERE  session_key = ?     [rs2jqng4ed2unp8bnqmcekolh3]
[SQL_LOG:2023-02-11 22:34:01]:  SELECT  ctg_id, category_name  FROM  category     []
[SQL_LOG:2023-02-11 22:34:01]:  SELECT  item_id, item_name, detail, price, image, ctg_id  FROM  item     []
[SQL_LOG:2023-02-11 22:34:33]:  SELECT  customer_no  FROM  session  WHERE  session_key = ?     [rs2jqng4ed2unp8bnqmcekolh3]
[SQL_LOG:2023-02-11 22:34:33]:  SELECT  ctg_id, category_name  FROM  category     []
[SQL_LOG:2023-02-11 22:34:33]:  SELECT  item_id, item_name, detail, price, image, ctg_id  FROM  item     []
[SQL_LOG:2023-02-11 22:34:37]:  SELECT  customer_no  FROM  session  WHERE  session_key = ?     [rs2jqng4ed2unp8bnqmcekolh3]
[SQL_LOG:2023-02-11 22:34:37]:  SELECT  ctg_id, category_name  FROM  category     []
[SQL_LOG:2023-02-11 22:34:37]:  SELECT  item_id, item_name, detail, price, image, ctg_id  FROM  item     []
[SQL_LOG:2023-02-11 22:34:47]:  SELECT  customer_no  FROM  session  WHERE  session_key = ?     [rs2jqng4ed2unp8bnqmcekolh3]
[SQL_LOG:2023-02-11 22:34:47]:  SELECT  ctg_id, category_name  FROM  category     []
[SQL_LOG:2023-02-11 22:34:47]:  SELECT  item_id, item_name, price,image, ctg_id  FROM  item     []
[SQL_LOG:2023-02-12 15:11:25]:  SELECT  customer_no  FROM  session  WHERE  session_key = ?     [rs2jqng4ed2unp8bnqmcekolh3]
[SQL_LOG:2023-02-12 15:11:25]:  SELECT  ctg_id, category_name  FROM  category     []
[SQL_LOG:2023-02-12 15:11:25]:  SELECT  item_id, item_name, detail, price, image, ctg_id  FROM  item     []
[SQL_LOG:2023-02-12 15:11:31]:  SELECT  customer_no  FROM  session  WHERE  session_key = ?     [rs2jqng4ed2unp8bnqmcekolh3]
[SQL_LOG:2023-02-12 15:11:31]:  SELECT  ctg_id, category_name  FROM  category     []
[SQL_LOG:2023-02-12 15:11:31]:  SELECT  item_id, item_name, detail, price, image, ctg_id  FROM  item     []
[SQL_LOG:2023-02-12 15:13:05]:  SELECT  customer_no  FROM  session  WHERE  session_key = ?     [rs2jqng4ed2unp8bnqmcekolh3]
[SQL_LOG:2023-02-12 15:13:05]:  SELECT  ctg_id, category_name  FROM  category     []
[SQL_LOG:2023-02-12 15:13:05]:  SELECT  item_id, item_name, detail, price, image, ctg_id  FROM  item     []
[SQL_LOG:2023-02-12 15:13:05]:  SELECT  customer_no  FROM  session  WHERE  session_key = ?     [rs2jqng4ed2unp8bnqmcekolh3]
[SQL_LOG:2023-02-12 15:13:05]:  SELECT  ctg_id, category_name  FROM  category     []
[SQL_LOG:2023-02-12 15:13:05]:  SELECT  item_id, item_name, price,image, ctg_id  FROM  item     []
[SQL_LOG:2023-02-12 15:13:15]:  SELECT  customer_no  FROM  session  WHERE  session_key = ?     [rs2jqng4ed2unp8bnqmcekolh3]
[SQL_LOG:2023-02-12 15:13:15]:  SELECT  c.crt_id, i.item_id, i.item_name, i.price,i.image  FROM  cart c LEFT JOIN item i ON c.item_id = i.item_id  WHERE  c.customer_no = ? AND c.delete_flg = ?     [1,0]
[SQL_LOG:2023-02-12 15:13:15]:  SELECT  SUM( i.price ) AS totalPrice  FROM  cart c LEFT JOIN item i ON c.item_id = i.item_id  WHERE  c.customer_no = ? AND c.delete_flg = ?    [1,0]
[SQL_LOG:2023-02-12 15:13:15]:  SELECT  SUM( num ) AS num  FROM  cart c  WHERE  c.customer_no = ? AND c.delete_flg = ?    [1,0]
[SQL_LOG:2023-02-12 15:13:22]:  SELECT  customer_no  FROM  session  WHERE  session_key = ?     [rs2jqng4ed2unp8bnqmcekolh3]
[SQL_LOG:2023-02-12 15:13:22]:  SELECT  c.crt_id, i.item_id, i.item_name, i.price,i.image  FROM  cart c LEFT JOIN item i ON c.item_id = i.item_id  WHERE  c.customer_no = ? AND c.delete_flg = ?     [1,0]
[SQL_LOG:2023-02-12 15:13:22]:  SELECT  SUM( i.price ) AS totalPrice  FROM  cart c LEFT JOIN item i ON c.item_id = i.item_id  WHERE  c.customer_no = ? AND c.delete_flg = ?    [1,0]
[SQL_LOG:2023-02-12 15:13:22]:  SELECT  SUM( num ) AS num  FROM  cart c  WHERE  c.customer_no = ? AND c.delete_flg = ?    [1,0]
[SQL_LOG:2023-02-12 15:13:28]:  SELECT  customer_no  FROM  session  WHERE  session_key = ?     [rs2jqng4ed2unp8bnqmcekolh3]
[SQL_LOG:2023-02-12 15:13:28]:  SELECT  c.crt_id, i.item_id, i.item_name, i.price,i.image  FROM  cart c LEFT JOIN item i ON c.item_id = i.item_id  WHERE  c.customer_no = ? AND c.delete_flg = ?     [1,0]
[SQL_LOG:2023-02-12 15:13:28]:  SELECT  SUM( i.price ) AS totalPrice  FROM  cart c LEFT JOIN item i ON c.item_id = i.item_id  WHERE  c.customer_no = ? AND c.delete_flg = ?    [1,0]
[SQL_LOG:2023-02-12 15:13:28]:  SELECT  SUM( num ) AS num  FROM  cart c  WHERE  c.customer_no = ? AND c.delete_flg = ?    [1,0]
[SQL_LOG:2023-02-12 15:13:45]:  SELECT  customer_no  FROM  session  WHERE  session_key = ?     [rs2jqng4ed2unp8bnqmcekolh3]
[SQL_LOG:2023-02-12 15:13:45]:  SELECT  c.crt_id, i.item_id, i.item_name, i.price,i.image  FROM  cart c LEFT JOIN item i ON c.item_id = i.item_id  WHERE  c.customer_no = ? AND c.delete_flg = ?     [1,0]
[SQL_LOG:2023-02-12 15:13:45]:  SELECT  SUM( i.price ) AS totalPrice  FROM  cart c LEFT JOIN item i ON c.item_id = i.item_id  WHERE  c.customer_no = ? AND c.delete_flg = ?    [1,0]
[SQL_LOG:2023-02-12 15:13:45]:  SELECT  SUM( num ) AS num  FROM  cart c  WHERE  c.customer_no = ? AND c.delete_flg = ?    [1,0]
[SQL_LOG:2023-02-12 15:18:09]:  SELECT  customer_no  FROM  session  WHERE  session_key = ?     [rs2jqng4ed2unp8bnqmcekolh3]
[SQL_LOG:2023-02-12 15:18:09]:  SELECT  c.crt_id, i.item_id, i.item_name, i.price,i.image  FROM  cart c LEFT JOIN item i ON c.item_id = i.item_id  WHERE  c.customer_no = ? AND c.delete_flg = ?     [1,0]
[SQL_LOG:2023-02-12 15:18:09]:  SELECT  SUM( i.price ) AS totalPrice  FROM  cart c LEFT JOIN item i ON c.item_id = i.item_id  WHERE  c.customer_no = ? AND c.delete_flg = ?    [1,0]
[SQL_LOG:2023-02-12 15:18:09]:  SELECT  SUM( num ) AS num  FROM  cart c  WHERE  c.customer_no = ? AND c.delete_flg = ?    [1,0]
[SQL_LOG:2023-02-12 15:18:15]:  SELECT  customer_no  FROM  session  WHERE  session_key = ?     [rs2jqng4ed2unp8bnqmcekolh3]
[SQL_LOG:2023-02-12 15:18:15]:  SELECT  ctg_id, category_name  FROM  category     []
[SQL_LOG:2023-02-12 15:18:15]:  SELECT  item_id, item_name, detail, price, image, ctg_id  FROM  item     []
[SQL_LOG:2023-02-12 15:18:15]:  SELECT  customer_no  FROM  session  WHERE  session_key = ?     [rs2jqng4ed2unp8bnqmcekolh3]
[SQL_LOG:2023-02-12 15:18:15]:  SELECT  ctg_id, category_name  FROM  category     []
[SQL_LOG:2023-02-12 15:18:15]:  SELECT  item_id, item_name, price,image, ctg_id  FROM  item     []
[SQL_LOG:2023-02-12 15:18:22]:  SELECT  customer_no  FROM  session  WHERE  session_key = ?     [rs2jqng4ed2unp8bnqmcekolh3]
[SQL_LOG:2023-02-12 15:18:22]:  SELECT  ctg_id, category_name  FROM  category     []
[SQL_LOG:2023-02-12 15:18:22]:  SELECT  item_id, item_name, price,image, ctg_id  FROM  item     []
[SQL_LOG:2023-02-12 15:18:47]:  SELECT  customer_no  FROM  session  WHERE  session_key = ?     [rs2jqng4ed2unp8bnqmcekolh3]
[SQL_LOG:2023-02-12 15:18:47]:  SELECT  c.crt_id, i.item_id, i.item_name, i.price,i.image  FROM  cart c LEFT JOIN item i ON c.item_id = i.item_id  WHERE  c.customer_no = ? AND c.delete_flg = ?     [1,0]
[SQL_LOG:2023-02-12 15:18:47]:  SELECT  SUM( i.price ) AS totalPrice  FROM  cart c LEFT JOIN item i ON c.item_id = i.item_id  WHERE  c.customer_no = ? AND c.delete_flg = ?    [1,0]
[SQL_LOG:2023-02-12 15:18:47]:  SELECT  SUM( num ) AS num  FROM  cart c  WHERE  c.customer_no = ? AND c.delete_flg = ?    [1,0]
[SQL_LOG:2023-02-12 15:18:56]:  SELECT  customer_no  FROM  session  WHERE  session_key = ?     [rs2jqng4ed2unp8bnqmcekolh3]
[SQL_LOG:2023-02-12 15:18:56]:  SELECT  ctg_id, category_name  FROM  category     []
[SQL_LOG:2023-02-12 15:18:56]:  SELECT  item_id, item_name, price,image, ctg_id  FROM  item     []
[SQL_LOG:2023-02-12 15:19:04]:  SELECT  customer_no  FROM  session  WHERE  session_key = ?     [rs2jqng4ed2unp8bnqmcekolh3]
[SQL_LOG:2023-02-12 15:19:04]:  SELECT  ctg_id, category_name  FROM  category     []
[SQL_LOG:2023-02-12 15:19:04]:  SELECT  item_id, item_name, detail, price, image, ctg_id  FROM  item  WHERE  item_id = ?     [1]
[SQL_LOG:2023-02-12 15:19:11]:  SELECT  customer_no  FROM  session  WHERE  session_key = ?     [rs2jqng4ed2unp8bnqmcekolh3]
[SQL_LOG:2023-02-12 15:19:11]:  SELECT  ctg_id, category_name  FROM  category     []
[SQL_LOG:2023-02-12 15:19:11]:  SELECT  item_id, item_name, price,image, ctg_id  FROM  item     []
[SQL_LOG:2023-02-12 15:19:13]:  SELECT  customer_no  FROM  session  WHERE  session_key = ?     [rs2jqng4ed2unp8bnqmcekolh3]
[SQL_LOG:2023-02-12 15:19:13]:  SELECT  ctg_id, category_name  FROM  category     []
[SQL_LOG:2023-02-12 15:19:13]:  SELECT  item_id, item_name, price,image, ctg_id  FROM  item  WHERE  ctg_id = ?     [2]
[SQL_LOG:2023-02-12 15:19:14]:  SELECT  customer_no  FROM  session  WHERE  session_key = ?     [rs2jqng4ed2unp8bnqmcekolh3]
[SQL_LOG:2023-02-12 15:19:14]:  SELECT  ctg_id, category_name  FROM  category     []
[SQL_LOG:2023-02-12 15:19:14]:  SELECT  item_id, item_name, price,image, ctg_id  FROM  item  WHERE  ctg_id = ?     [1]
[SQL_LOG:2023-02-12 15:19:32]:  SELECT  customer_no  FROM  session  WHERE  session_key = ?     [rs2jqng4ed2unp8bnqmcekolh3]
[SQL_LOG:2023-02-12 15:19:32]:  SELECT  ctg_id, category_name  FROM  category     []
[SQL_LOG:2023-02-12 15:19:32]:  SELECT  item_id, item_name, price,image, ctg_id  FROM  item  WHERE  ctg_id = ?     [2]
[SQL_LOG:2023-02-12 15:19:33]:  SELECT  customer_no  FROM  session  WHERE  session_key = ?     [rs2jqng4ed2unp8bnqmcekolh3]
[SQL_LOG:2023-02-12 15:19:33]:  SELECT  ctg_id, category_name  FROM  category     []
[SQL_LOG:2023-02-12 15:19:33]:  SELECT  item_id, item_name, price,image, ctg_id  FROM  item     []
[SQL_LOG:2023-02-12 15:19:40]:  SELECT  customer_no  FROM  session  WHERE  session_key = ?     [rs2jqng4ed2unp8bnqmcekolh3]
[SQL_LOG:2023-02-12 15:19:40]:  SELECT  ctg_id, category_name  FROM  category     []
[SQL_LOG:2023-02-12 15:19:40]:  SELECT  item_id, item_name, detail, price, image, ctg_id  FROM  item     []
[SQL_LOG:2023-02-12 15:19:40]:  SELECT  customer_no  FROM  session  WHERE  session_key = ?     [rs2jqng4ed2unp8bnqmcekolh3]
[SQL_LOG:2023-02-12 15:19:40]:  SELECT  ctg_id, category_name  FROM  category     []
[SQL_LOG:2023-02-12 15:19:40]:  SELECT  item_id, item_name, price,image, ctg_id  FROM  item     []
[SQL_LOG:2023-02-12 16:38:42]:  SELECT  customer_no  FROM  session  WHERE  session_key = ?     [rs2jqng4ed2unp8bnqmcekolh3]
[SQL_LOG:2023-02-12 16:38:42]:  SELECT  ctg_id, category_name  FROM  category     []
[SQL_LOG:2023-02-12 16:38:42]:  SELECT  item_id, item_name, detail, price, image, ctg_id  FROM  item     []
[SQL_LOG:2023-02-12 16:38:42]:  SELECT  customer_no  FROM  session  WHERE  session_key = ?     [rs2jqng4ed2unp8bnqmcekolh3]
[SQL_LOG:2023-02-12 16:38:42]:  SELECT  ctg_id, category_name  FROM  category     []
[SQL_LOG:2023-02-12 16:38:42]:  SELECT  item_id, item_name, price,image, ctg_id  FROM  item     []
[SQL_LOG:2023-02-12 16:38:49]:  SELECT  customer_no  FROM  session  WHERE  session_key = ?     [rs2jqng4ed2unp8bnqmcekolh3]
[SQL_LOG:2023-02-12 16:38:49]:  SELECT  c.crt_id, i.item_id, i.item_name, i.price,i.image  FROM  cart c LEFT JOIN item i ON c.item_id = i.item_id  WHERE  c.customer_no = ? AND c.delete_flg = ?     [1,0]
[SQL_LOG:2023-02-12 16:38:49]:  SELECT  SUM( i.price ) AS totalPrice  FROM  cart c LEFT JOIN item i ON c.item_id = i.item_id  WHERE  c.customer_no = ? AND c.delete_flg = ?    [1,0]
[SQL_LOG:2023-02-12 16:38:49]:  SELECT  SUM( num ) AS num  FROM  cart c  WHERE  c.customer_no = ? AND c.delete_flg = ?    [1,0]
[SQL_LOG:2023-02-12 16:38:59]:  SELECT  customer_no  FROM  session  WHERE  session_key = ?     [rs2jqng4ed2unp8bnqmcekolh3]
[SQL_LOG:2023-02-12 16:38:59]:  SELECT  ctg_id, category_name  FROM  category     []
[SQL_LOG:2023-02-12 16:38:59]:  SELECT  item_id, item_name, price,image, ctg_id  FROM  item     []
[SQL_LOG:2023-02-12 16:39:03]:  SELECT  customer_no  FROM  session  WHERE  session_key = ?     [rs2jqng4ed2unp8bnqmcekolh3]
[SQL_LOG:2023-02-12 16:39:03]:  SELECT  ctg_id, category_name  FROM  category     []
[SQL_LOG:2023-02-12 16:39:03]:  SELECT  item_id, item_name, detail, price, image, ctg_id  FROM  item     []
[SQL_LOG:2023-02-12 16:39:03]:  SELECT  customer_no  FROM  session  WHERE  session_key = ?     [rs2jqng4ed2unp8bnqmcekolh3]
[SQL_LOG:2023-02-12 16:39:03]:  SELECT  ctg_id, category_name  FROM  category     []
[SQL_LOG:2023-02-12 16:39:03]:  SELECT  item_id, item_name, price,image, ctg_id  FROM  item     []
[SQL_LOG:2023-02-12 16:39:07]:  SELECT  customer_no  FROM  session  WHERE  session_key = ?     [rs2jqng4ed2unp8bnqmcekolh3]
[SQL_LOG:2023-02-12 16:39:07]:  SELECT  ctg_id, category_name  FROM  category     []
[SQL_LOG:2023-02-12 16:39:07]:  SELECT  item_id, item_name, price,image, ctg_id  FROM  item     []
[SQL_LOG:2023-02-12 16:39:11]:  SELECT  customer_no  FROM  session  WHERE  session_key = ?     [rs2jqng4ed2unp8bnqmcekolh3]
[SQL_LOG:2023-02-12 16:39:11]:  SELECT  c.crt_id, i.item_id, i.item_name, i.price,i.image  FROM  cart c LEFT JOIN item i ON c.item_id = i.item_id  WHERE  c.customer_no = ? AND c.delete_flg = ?     [1,0]
[SQL_LOG:2023-02-12 16:39:11]:  SELECT  SUM( i.price ) AS totalPrice  FROM  cart c LEFT JOIN item i ON c.item_id = i.item_id  WHERE  c.customer_no = ? AND c.delete_flg = ?    [1,0]
[SQL_LOG:2023-02-12 16:39:11]:  SELECT  SUM( num ) AS num  FROM  cart c  WHERE  c.customer_no = ? AND c.delete_flg = ?    [1,0]
[SQL_LOG:2023-02-12 16:39:15]:  SELECT  customer_no  FROM  session  WHERE  session_key = ?     [rs2jqng4ed2unp8bnqmcekolh3]
[SQL_LOG:2023-02-12 16:39:15]:  SELECT  ctg_id, category_name  FROM  category     []
[SQL_LOG:2023-02-12 16:39:15]:  SELECT  item_id, item_name, price,image, ctg_id  FROM  item     []
[SQL_LOG:2023-02-12 16:39:19]:  SELECT  customer_no  FROM  session  WHERE  session_key = ?     [rs2jqng4ed2unp8bnqmcekolh3]
[SQL_LOG:2023-02-12 16:39:19]:  SELECT  ctg_id, category_name  FROM  category     []
[SQL_LOG:2023-02-12 16:39:19]:  SELECT  item_id, item_name, detail, price, image, ctg_id  FROM  item     []
[SQL_LOG:2023-02-12 16:39:19]:  SELECT  customer_no  FROM  session  WHERE  session_key = ?     [rs2jqng4ed2unp8bnqmcekolh3]
[SQL_LOG:2023-02-12 16:39:19]:  SELECT  ctg_id, category_name  FROM  category     []
[SQL_LOG:2023-02-12 16:39:19]:  SELECT  item_id, item_name, price,image, ctg_id  FROM  item     []
[SQL_LOG:2023-02-12 16:39:26]:  SELECT  customer_no  FROM  session  WHERE  session_key = ?     [rs2jqng4ed2unp8bnqmcekolh3]
[SQL_LOG:2023-02-12 16:39:26]:  SELECT  ctg_id, category_name  FROM  category     []
[SQL_LOG:2023-02-12 16:39:26]:  SELECT  item_id, item_name, price,image, ctg_id  FROM  item     []
[SQL_LOG:2023-02-12 16:39:31]:  SELECT  customer_no  FROM  session  WHERE  session_key = ?     [rs2jqng4ed2unp8bnqmcekolh3]
[SQL_LOG:2023-02-12 16:39:31]:  SELECT  c.crt_id, i.item_id, i.item_name, i.price,i.image  FROM  cart c LEFT JOIN item i ON c.item_id = i.item_id  WHERE  c.customer_no = ? AND c.delete_flg = ?     [1,0]
[SQL_LOG:2023-02-12 16:39:31]:  SELECT  SUM( i.price ) AS totalPrice  FROM  cart c LEFT JOIN item i ON c.item_id = i.item_id  WHERE  c.customer_no = ? AND c.delete_flg = ?    [1,0]
[SQL_LOG:2023-02-12 16:39:31]:  SELECT  SUM( num ) AS num  FROM  cart c  WHERE  c.customer_no = ? AND c.delete_flg = ?    [1,0]
[SQL_LOG:2023-02-12 16:39:34]:  SELECT  customer_no  FROM  session  WHERE  session_key = ?     [rs2jqng4ed2unp8bnqmcekolh3]
[SQL_LOG:2023-02-12 16:39:34]:  SELECT  ctg_id, category_name  FROM  category     []
[SQL_LOG:2023-02-12 16:39:34]:  SELECT  item_id, item_name, detail, price, image, ctg_id  FROM  item     []
[SQL_LOG:2023-02-12 16:39:34]:  SELECT  customer_no  FROM  session  WHERE  session_key = ?     [rs2jqng4ed2unp8bnqmcekolh3]
[SQL_LOG:2023-02-12 16:39:34]:  SELECT  ctg_id, category_name  FROM  category     []
[SQL_LOG:2023-02-12 16:39:34]:  SELECT  item_id, item_name, price,image, ctg_id  FROM  item     []
[SQL_LOG:2023-02-12 16:39:40]:  SELECT  customer_no  FROM  session  WHERE  session_key = ?     [rs2jqng4ed2unp8bnqmcekolh3]
[SQL_LOG:2023-02-12 16:39:40]:  SELECT  ctg_id, category_name  FROM  category     []
[SQL_LOG:2023-02-12 16:39:40]:  SELECT  item_id, item_name, price,image, ctg_id  FROM  item     []
[SQL_LOG:2023-02-12 16:40:25]:  SELECT  customer_no  FROM  session  WHERE  session_key = ?     [rs2jqng4ed2unp8bnqmcekolh3]
[SQL_LOG:2023-02-12 16:40:25]:  SELECT  ctg_id, category_name  FROM  category     []
[SQL_LOG:2023-02-12 16:40:25]:  SELECT  item_id, item_name, detail, price, image, ctg_id  FROM  item     []
[SQL_LOG:2023-02-12 16:40:25]:  SELECT  customer_no  FROM  session  WHERE  session_key = ?     [rs2jqng4ed2unp8bnqmcekolh3]
[SQL_LOG:2023-02-12 16:40:25]:  SELECT  ctg_id, category_name  FROM  category     []
[SQL_LOG:2023-02-12 16:40:25]:  SELECT  item_id, item_name, price,image, ctg_id  FROM  item     []
[SQL_LOG:2023-02-12 16:40:33]:  SELECT  customer_no  FROM  session  WHERE  session_key = ?     [rs2jqng4ed2unp8bnqmcekolh3]
[SQL_LOG:2023-02-12 16:40:33]:  SELECT  c.crt_id, i.item_id, i.item_name, i.price,i.image  FROM  cart c LEFT JOIN item i ON c.item_id = i.item_id  WHERE  c.customer_no = ? AND c.delete_flg = ?     [1,0]
[SQL_LOG:2023-02-12 16:40:33]:  SELECT  SUM( i.price ) AS totalPrice  FROM  cart c LEFT JOIN item i ON c.item_id = i.item_id  WHERE  c.customer_no = ? AND c.delete_flg = ?    [1,0]
[SQL_LOG:2023-02-12 16:40:33]:  SELECT  SUM( num ) AS num  FROM  cart c  WHERE  c.customer_no = ? AND c.delete_flg = ?    [1,0]
[SQL_LOG:2023-02-12 20:31:11]:  SELECT  customer_no  FROM  session  WHERE  session_key = ?     [rs2jqng4ed2unp8bnqmcekolh3]
[SQL_LOG:2023-02-12 20:31:11]:  SELECT  c.crt_id, i.item_id, i.item_name, i.price,i.image  FROM  cart c LEFT JOIN item i ON c.item_id = i.item_id  WHERE  c.customer_no = ? AND c.delete_flg = ?     [1,0]
[SQL_LOG:2023-02-12 20:31:11]:  SELECT  SUM( i.price ) AS totalPrice  FROM  cart c LEFT JOIN item i ON c.item_id = i.item_id  WHERE  c.customer_no = ? AND c.delete_flg = ?    [1,0]
[SQL_LOG:2023-02-12 20:31:11]:  SELECT  SUM( num ) AS num  FROM  cart c  WHERE  c.customer_no = ? AND c.delete_flg = ?    [1,0]
[SQL_LOG:2023-02-12 20:31:15]:  SELECT  customer_no  FROM  session  WHERE  session_key = ?     [rs2jqng4ed2unp8bnqmcekolh3]
[SQL_LOG:2023-02-12 20:31:15]:  SELECT  c.crt_id, i.item_id, i.item_name, i.price,i.image  FROM  cart c LEFT JOIN item i ON c.item_id = i.item_id  WHERE  c.customer_no = ? AND c.delete_flg = ?     [1,0]
[SQL_LOG:2023-02-12 20:31:15]:  SELECT  SUM( i.price ) AS totalPrice  FROM  cart c LEFT JOIN item i ON c.item_id = i.item_id  WHERE  c.customer_no = ? AND c.delete_flg = ?    [1,0]
[SQL_LOG:2023-02-12 20:31:15]:  SELECT  SUM( num ) AS num  FROM  cart c  WHERE  c.customer_no = ? AND c.delete_flg = ?    [1,0]
[SQL_LOG:2023-02-12 20:31:32]:  SELECT  customer_no  FROM  session  WHERE  session_key = ?     [rs2jqng4ed2unp8bnqmcekolh3]
[SQL_LOG:2023-02-12 20:31:32]:  SELECT  c.crt_id, i.item_id, i.item_name, i.price,i.image  FROM  cart c LEFT JOIN item i ON c.item_id = i.item_id  WHERE  c.customer_no = ? AND c.delete_flg = ?     [1,0]
[SQL_LOG:2023-02-12 20:31:32]:  SELECT  SUM( i.price ) AS totalPrice  FROM  cart c LEFT JOIN item i ON c.item_id = i.item_id  WHERE  c.customer_no = ? AND c.delete_flg = ?    [1,0]
[SQL_LOG:2023-02-12 20:31:32]:  SELECT  SUM( num ) AS num  FROM  cart c  WHERE  c.customer_no = ? AND c.delete_flg = ?    [1,0]
[SQL_LOG:2023-02-12 20:31:48]:  SELECT  customer_no  FROM  session  WHERE  session_key = ?     [rs2jqng4ed2unp8bnqmcekolh3]
[SQL_LOG:2023-02-12 20:31:48]:  SELECT  c.crt_id, i.item_id, i.item_name, i.price,i.image  FROM  cart c LEFT JOIN item i ON c.item_id = i.item_id  WHERE  c.customer_no = ? AND c.delete_flg = ?     [1,0]
[SQL_LOG:2023-02-12 20:31:48]:  SELECT  SUM( i.price ) AS totalPrice  FROM  cart c LEFT JOIN item i ON c.item_id = i.item_id  WHERE  c.customer_no = ? AND c.delete_flg = ?    [1,0]
[SQL_LOG:2023-02-12 20:31:48]:  SELECT  SUM( num ) AS num  FROM  cart c  WHERE  c.customer_no = ? AND c.delete_flg = ?    [1,0]
[SQL_LOG:2023-02-12 20:32:49]:  SELECT  customer_no  FROM  session  WHERE  session_key = ?     [rs2jqng4ed2unp8bnqmcekolh3]
[SQL_LOG:2023-02-12 20:32:49]:  SELECT  ctg_id, category_name  FROM  category     []
[SQL_LOG:2023-02-12 20:32:49]:  SELECT  item_id, item_name, price,image, ctg_id  FROM  item     []
[SQL_LOG:2023-02-12 20:37:58]:  SELECT  customer_no  FROM  session  WHERE  session_key = ?     [rs2jqng4ed2unp8bnqmcekolh3]
[SQL_LOG:2023-02-12 20:37:58]:  SELECT  ctg_id, category_name  FROM  category     []
[SQL_LOG:2023-02-12 20:37:58]:  SELECT  item_id, item_name, price,image, ctg_id  FROM  item     []
[SQL_LOG:2023-02-12 20:38:13]:  SELECT  customer_no  FROM  session  WHERE  session_key = ?     [rs2jqng4ed2unp8bnqmcekolh3]
[SQL_LOG:2023-02-12 20:38:13]:  SELECT  ctg_id, category_name  FROM  category     []
[SQL_LOG:2023-02-12 20:38:13]:  SELECT  item_id, item_name, detail, price, image, ctg_id  FROM  item     []
[SQL_LOG:2023-02-12 20:38:13]:  SELECT  customer_no  FROM  session  WHERE  session_key = ?     [rs2jqng4ed2unp8bnqmcekolh3]
[SQL_LOG:2023-02-12 20:38:13]:  SELECT  ctg_id, category_name  FROM  category     []
[SQL_LOG:2023-02-12 20:38:13]:  SELECT  item_id, item_name, price,image, ctg_id  FROM  item     []
